[2024-08-26 14:46:03.172]: entering -- org.netbeans.installer.Installer.main():61
[2024-08-26 14:46:03.174]: initializing the installer engine
[2024-08-26 14:46:03.174]:     entering -- org.netbeans.installer.Installer.<init>():96
[2024-08-26 14:46:03.174]:     ... initializing ErrorHandler
[2024-08-26 14:46:03.177]:     ... end of ErrorHandler initialization
[2024-08-26 14:46:03.177]:     exiting -- org.netbeans.installer.Installer.<init>():96
[2024-08-26 14:46:03.177]:     entering -- org.netbeans.installer.Installer.<init>():97
[2024-08-26 14:46:03.177]:     dumping target system information
[2024-08-26 14:46:03.177]:         system properties:
[2024-08-26 14:46:03.178]:             file.encoding => UTF-8
[2024-08-26 14:46:03.178]:             file.separator => \
[2024-08-26 14:46:03.178]:             java.class.path => C:\Users\JOSEDA~1\AppData\Local\Temp\\NBI63127.tmp\bundle.jar
[2024-08-26 14:46:03.178]:             java.class.version => 66.0
[2024-08-26 14:46:03.178]:             java.home => C:\Program Files\Java\jdk-22
[2024-08-26 14:46:03.179]:             java.io.tmpdir => C:\Users\JOSEDA~1\AppData\Local\Temp\
[2024-08-26 14:46:03.179]:             java.library.path => C:\Program Files\Java\jdk-22\bin;C:\Windows\Sun\Java\bin;C:\Windows\system32;C:\Windows;C:\Program Files\Common Files\Oracle\Java\javapath;C:\Program Files (x86)\Common Files\Oracle\Java\javapath;C:\Windows\system32;C:\Windows;C:\Windows\System32\Wbem;C:\Windows\System32\WindowsPowerShell\v1.0\;C:\Windows\System32\OpenSSH\;C:\Users\JOSE DAVID\AppData\Local\Microsoft\WindowsApps;C:\Users\JOSE DAVID\AppData\Local\Programs\Microsoft VS Code\bin;.
[2024-08-26 14:46:03.179]:             java.runtime.name => Java(TM) SE Runtime Environment
[2024-08-26 14:46:03.179]:             java.runtime.version => 22.0.2+9-70
[2024-08-26 14:46:03.179]:             java.specification.name => Java Platform API Specification
[2024-08-26 14:46:03.179]:             java.specification.vendor => Oracle Corporation
[2024-08-26 14:46:03.179]:             java.specification.version => 22
[2024-08-26 14:46:03.179]:             java.vendor => Oracle Corporation
[2024-08-26 14:46:03.179]:             java.vendor.url => https://java.oracle.com/
[2024-08-26 14:46:03.179]:             java.vendor.url.bug => https://bugreport.java.com/bugreport/
[2024-08-26 14:46:03.179]:             java.version => 22.0.2
[2024-08-26 14:46:03.179]:             java.version.date => 2024-07-16
[2024-08-26 14:46:03.179]:             java.vm.compressedOopsMode => 32-bit
[2024-08-26 14:46:03.180]:             java.vm.info => mixed mode, sharing
[2024-08-26 14:46:03.180]:             java.vm.name => Java HotSpot(TM) 64-Bit Server VM
[2024-08-26 14:46:03.180]:             java.vm.specification.name => Java Virtual Machine Specification
[2024-08-26 14:46:03.180]:             java.vm.specification.vendor => Oracle Corporation
[2024-08-26 14:46:03.180]:             java.vm.specification.version => 22
[2024-08-26 14:46:03.180]:             java.vm.vendor => Oracle Corporation
[2024-08-26 14:46:03.180]:             java.vm.version => 22.0.2+9-70
[2024-08-26 14:46:03.180]:             jdk.debug => release
[2024-08-26 14:46:03.180]:             line.separator => 
[2024-08-26 14:46:03.180]:             native.encoding => Cp1252
[2024-08-26 14:46:03.180]:             netbeans.default_cachedir_root => C:\Users\JOSE DAVID\AppData\Local\NetBeans\Cache
[2024-08-26 14:46:03.180]:             netbeans.default_userdir_root => C:\Users\JOSE DAVID\AppData\Roaming\NetBeans
[2024-08-26 14:46:03.180]:             os.arch => amd64
[2024-08-26 14:46:03.180]:             os.name => Windows 10
[2024-08-26 14:46:03.180]:             os.version => 10.0
[2024-08-26 14:46:03.181]:             path.separator => ;
[2024-08-26 14:46:03.181]:             stderr.encoding => Cp1252
[2024-08-26 14:46:03.181]:             stdout.encoding => Cp1252
[2024-08-26 14:46:03.181]:             sun.arch.data.model => 64
[2024-08-26 14:46:03.181]:             sun.boot.library.path => C:\Program Files\Java\jdk-22\bin
[2024-08-26 14:46:03.181]:             sun.cpu.endian => little
[2024-08-26 14:46:03.181]:             sun.cpu.isalist => amd64
[2024-08-26 14:46:03.181]:             sun.io.unicode.encoding => UnicodeLittle
[2024-08-26 14:46:03.181]:             sun.java.command => org.netbeans.installer.Installer
[2024-08-26 14:46:03.181]:             sun.java.launcher => SUN_STANDARD
[2024-08-26 14:46:03.181]:             sun.jnu.encoding => Cp1252
[2024-08-26 14:46:03.181]:             sun.management.compiler => HotSpot 64-Bit Tiered Compilers
[2024-08-26 14:46:03.181]:             sun.os.patch.level => 
[2024-08-26 14:46:03.182]:             user.country => CO
[2024-08-26 14:46:03.182]:             user.dir => C:\Users\JOSE DAVID\Downloads
[2024-08-26 14:46:03.182]:             user.home => C:\Users\JOSE DAVID
[2024-08-26 14:46:03.182]:             user.language => es
[2024-08-26 14:46:03.182]:             user.name => JOSE DAVID
[2024-08-26 14:46:03.182]:             user.script => 
[2024-08-26 14:46:03.182]:             user.timezone => America/Bogota
[2024-08-26 14:46:03.182]:             user.variant => 
[2024-08-26 14:46:03.182]:     ... end of target system information
[2024-08-26 14:46:03.182]:     exiting -- org.netbeans.installer.Installer.<init>():97
[2024-08-26 14:46:03.222]:     loading jni library
[2024-08-26 14:46:03.222]:         library resource path: native/jnilib/windows/windows-x64.dll
[2024-08-26 14:46:03.322]:         library file path: C:\Users\JOSEDA~1\AppData\Local\Temp\nbi-6644421981779582773.tmp
[2024-08-26 14:46:03.329]:         ... successfully loaded the library
[2024-08-26 14:46:03.333]:     entering -- org.netbeans.installer.Installer.<init>():102
[2024-08-26 14:46:03.333]:     parsing command-line arguments
[2024-08-26 14:46:03.335]:         ... no command line arguments were specified
[2024-08-26 14:46:03.335]:     ... finished parsing command line arguments
[2024-08-26 14:46:03.335]:     exiting -- org.netbeans.installer.Installer.<init>():102
[2024-08-26 14:46:03.335]:     entering -- org.netbeans.installer.Installer.<init>():103
[2024-08-26 14:46:03.335]:     loading engine properties
[2024-08-26 14:46:03.336]:         loading engine properties
[2024-08-26 14:46:03.339]:             loading nbi.wizard.ui.swing.frame.width.default => 600
[2024-08-26 14:46:03.339]:             loading nbi.wizard.ui.swing.frame.width.gtk => 704
[2024-08-26 14:46:03.339]:             loading nbi.wizard.ui.swing.frame.head.right.image => resource:org/netbeans/installer/wizard/wizard-description-background.png
[2024-08-26 14:46:03.339]:             loading nbi.wizard.ui.swing.frame.minimum.width.nimbus => 624
[2024-08-26 14:46:03.339]:             loading nbi.wizard.ui.swing.frame.minimum.height.win.xp => 450
[2024-08-26 14:46:03.340]:             loading nbi.wizard.ui.swing.frame.minimum.height.nimbus => 512
[2024-08-26 14:46:03.340]:             loading nbi.wizard.ui.swing.frame.title.prefix => Apache NetBeans IDE Installer
[2024-08-26 14:46:03.340]:             loading nbi.wizard.ui.swing.frame.width.nimbus => 624
[2024-08-26 14:46:03.340]:             loading nbi.wizard.ui.swing.frame.width.win.xp => 600
[2024-08-26 14:46:03.340]:             loading nbi.overall.license.jdk5.resource => org/netbeans/installer/product/components/netbeans-license-jdk5.txt
[2024-08-26 14:46:03.340]:             loading nbi.wizard.ui.swing.frame.minimum.height.win.classic => 442
[2024-08-26 14:46:03.340]:             loading nbi.overall.license.jtb.resource => org/netbeans/installer/product/components/netbeans-license-jtb.txt
[2024-08-26 14:46:03.340]:             loading nbi.wizard.ui.swing.frame.height.motif => 470
[2024-08-26 14:46:03.340]:             loading nbi.wizard.ui.swing.frame.minimum.width.default => 600
[2024-08-26 14:46:03.342]:             loading nbi.wizard.ui.swing.frame.height.aqua => 480
[2024-08-26 14:46:03.343]:             loading nbi.wizard.ui.swing.frame.minimum.width.win.xp => 600
[2024-08-26 14:46:03.343]:             loading nbi.overall.license.jdk6.resource => org/netbeans/installer/product/components/netbeans-license-jdk6.txt
[2024-08-26 14:46:03.343]:             loading nbi.wizard.ui.swing.frame.minimum.height.aqua => 480
[2024-08-26 14:46:03.343]:             loading nbi.wizard.ui.swing.frame.minimum.height.default => 500
[2024-08-26 14:46:03.344]:             loading nbi.overall.license.mysql.resource => org/netbeans/installer/product/components/netbeans-license-mysql.txt
[2024-08-26 14:46:03.344]:             loading nbi.product.suggest.install => true
[2024-08-26 14:46:03.344]:             loading nbi.wizard.ui.swing.frame.icon => resource:org/netbeans/installer/wizard/wizard-icon.png
[2024-08-26 14:46:03.344]:             loading nbi.wizard.ui.swing.frame.width.aqua => 640
[2024-08-26 14:46:03.344]:             loading nbi.wizard.ui.swing.frame.minimum.height.motif => 470
[2024-08-26 14:46:03.344]:             loading nbi.wizard.ui.swing.frame.minimum.height.gtk => 528
[2024-08-26 14:46:03.344]:             loading nbi.product.remove.corrupted.products.silently => true
[2024-08-26 14:46:03.344]:             loading nbi.wizard.ui.swing.frame.width.motif => 624
[2024-08-26 14:46:03.344]:             loading nbi.wizard.ui.swing.frame.minimum.width.win.classic => 588
[2024-08-26 14:46:03.344]:             loading nbi.wizard.ui.swing.welcome.left.bottom.image => resource:org/netbeans/installer/wizard/components/panels/netbeans/resources/welcome-left-bottom.png
[2024-08-26 14:46:03.345]:             loading nbi.macosx.application.directory.name => NetBeans IDE Installer
[2024-08-26 14:46:03.345]:             loading nbi.overall.license.resource => org/netbeans/installer/product/components/netbeans-license.txt
[2024-08-26 14:46:03.345]:             loading nbi.wizard.ui.swing.frame.height.gtk => 528
[2024-08-26 14:46:03.345]:             loading nbi.wizard.ui.swing.frame.minimum.width.metal => 624
[2024-08-26 14:46:03.345]:             loading nbi.wizard.ui.swing.frame.minimum.width.motif => 624
[2024-08-26 14:46:03.345]:             loading nbi.wizard.ui.swing.frame.height.metal => 470
[2024-08-26 14:46:03.345]:             loading nbi.wizard.ui.swing.frame.minimum.width.gtk => 704
[2024-08-26 14:46:03.345]:             loading nbi.junit.license.resource => org/netbeans/installer/product/components/junit-license.txt
[2024-08-26 14:46:03.345]:             loading nbi.wizard.ui.swing.frame.width.metal => 624
[2024-08-26 14:46:03.345]:             loading nbi.wizard.ui.swing.frame.height.default => 500
[2024-08-26 14:46:03.345]:             loading nbi.wizard.ui.swing.frame.height.win.classic => 442
[2024-08-26 14:46:03.345]:             loading nbi.wizard.ui.swing.frame.height.win.xp => 450
[2024-08-26 14:46:03.345]:             loading nbi.wizard.ui.swing.frame.height.nimbus => 512
[2024-08-26 14:46:03.346]:             loading nbi.overall.license.javafx.resource => org/netbeans/installer/product/components/netbeans-license-javafx.txt
[2024-08-26 14:46:03.346]:             loading nbi.wizard.ui.swing.frame.title.pattern => {0}
[2024-08-26 14:46:03.346]:             loading nbi.wizard.ui.swing.frame.width.win.classic => 588
[2024-08-26 14:46:03.346]:             loading nbi.wizard.ui.swing.frame.minimum.height.metal => 470
[2024-08-26 14:46:03.346]:             loading nbi.wizard.ui.swing.frame.minimum.width.aqua => 640
[2024-08-26 14:46:03.346]:     ... finished loading engine properties
[2024-08-26 14:46:03.346]:     exiting -- org.netbeans.installer.Installer.<init>():103
[2024-08-26 14:46:03.346]:     initializing the local directory
[2024-08-26 14:46:03.346]:         ... custom local directory was not specified, using the default
[2024-08-26 14:46:03.347]:         ... local directory: C:\Users\JOSE DAVID\.nbi
[2024-08-26 14:46:03.347]:     ... finished initializing local directory
[2024-08-26 14:46:03.377]:     entering -- org.netbeans.installer.Installer.<init>():109
[2024-08-26 14:46:03.377]:     ... initializing DownloadManager
[2024-08-26 14:46:03.381]:         file not exist, queue is empty!
[2024-08-26 14:46:03.385]:     ... end of initializing DownloadManager
[2024-08-26 14:46:03.385]:     exiting -- org.netbeans.installer.Installer.<init>():109
[2024-08-26 14:46:03.390]:     entering -- org.netbeans.installer.Installer.<init>():110
[2024-08-26 14:46:03.390]:     ... initializing Registry
[2024-08-26 14:46:03.420]:     ... end of initializing ErrorHandler
[2024-08-26 14:46:03.421]:     exiting -- org.netbeans.installer.Installer.<init>():110
[2024-08-26 14:46:03.421]:     entering -- org.netbeans.installer.Installer.<init>():111
[2024-08-26 14:46:03.422]:     ... initializing Wizard
[2024-08-26 14:46:03.613]:         ... loading registry from resource:data/registry.xml
[2024-08-26 14:46:03.734]:         entering -- org.netbeans.installer.product.Registry.loadProductRegistry():982
[2024-08-26 14:46:03.734]:         validating previous installations
[2024-08-26 14:46:03.735]:         ... validating installations finished
[2024-08-26 14:46:03.735]:         exiting -- org.netbeans.installer.product.Registry.loadProductRegistry():982
[2024-08-26 14:46:03.754]:         Can`t load message in bundle org.netbeans.installer.wizard.components.panels.netbeans.Bundle for key NPrISP.installation.folders using [jdk.internal.loader.ClassLoaders$AppClassLoader@70dea4e] classloader
[2024-08-26 14:46:03.768]:     ... end of initializing Wizard
[2024-08-26 14:46:03.768]:     exiting -- org.netbeans.installer.Installer.<init>():111
[2024-08-26 14:46:03.768]:     creating lock file
[2024-08-26 14:46:03.769]:         ... created lock file: C:\Users\JOSE DAVID\.nbi\.nbilock
[2024-08-26 14:46:03.769]:     finished creating lock file
[2024-08-26 14:46:03.769]: ... finished initializing the engine
[2024-08-26 14:46:03.769]: exiting -- org.netbeans.installer.Installer.main():61
[2024-08-26 14:46:03.769]: entering -- org.netbeans.installer.Installer.main():61
[2024-08-26 14:46:03.769]: starting the installer
[2024-08-26 14:46:03.774]:     ... initializing look and feel
[2024-08-26 14:46:03.774]:         ... custom look and feel class name was not specified, using system default
[2024-08-26 14:46:03.873]:         ... class name: com.sun.java.swing.plaf.windows.WindowsLookAndFeel
[2024-08-26 14:46:03.873]:         ... get installed L&Fs
[2024-08-26 14:46:03.929]:         ... set specified L&F
[2024-08-26 14:46:03.962]:         ... check headless
[2024-08-26 14:46:03.962]:         ... creating JFileChooser object to check possible issues with UI
[2024-08-26 14:46:04.751]:         ... getting default Toolkit to check possible issues with UI
[2024-08-26 14:46:04.751]:         ... creating JProgressBar object to check possible issues with UI
[2024-08-26 14:46:04.755]:         ... all UI checks done
[2024-08-26 14:46:04.755]:         ... L&F is set
[2024-08-26 14:46:04.755]:     ... initializing L&F finished
[2024-08-26 14:46:04.918]:     NameResolver - to parse &Help!
[2024-08-26 14:46:04.921]:     NameResolver - to parse < &Back
[2024-08-26 14:46:04.923]:     NameResolver - to parse &Next >
[2024-08-26 14:46:04.925]:     NameResolver - to parse Cancel
[2024-08-26 14:46:04.927]:     NameResolver - to parse Configuring the Installer...
[2024-08-26 14:46:04.928]:     NameResolver - to parse Configuring the Installer...
[2024-08-26 14:46:04.934]:     NameResolver - to parse Configuring the Installer...
[2024-08-26 14:46:04.935]:     NameResolver - to parse Configuring the Installer...
[2024-08-26 14:46:04.936]:     NameResolver - to parse Please wait while Apache NetBeans IDE installer initializes
[2024-08-26 14:46:04.971]:     NameResolver - to parse Configuring the Installer...
[2024-08-26 14:46:04.972]:     NameResolver - to parse Please wait while Apache NetBeans IDE installer initializes
[2024-08-26 14:46:04.973]: ... finished starting the installer
[2024-08-26 14:46:04.973]: exiting -- org.netbeans.installer.Installer.main():61
[2024-08-26 14:46:04.974]: NameResolver - to parse Configuring the Installer...
[2024-08-26 14:46:04.980]: entering -- org.netbeans.installer.wizard.components.actions.InitializeRegistryAction.execute():53
[2024-08-26 14:46:04.980]: initializing product registry
[2024-08-26 14:46:04.980]:     entering -- org.netbeans.installer.product.Registry.initializeRegistry():171
[2024-08-26 14:46:04.981]:     initializing product registry properties
[2024-08-26 14:46:04.982]:         initializing local product cache directory
[2024-08-26 14:46:04.982]:         ... C:\Users\JOSE DAVID\.nbi\product-cache
[2024-08-26 14:46:04.982]:         initializing local product registry file
[2024-08-26 14:46:04.983]:             ... C:\Users\JOSE DAVID\.nbi\registry.xml
[2024-08-26 14:46:04.984]:             initializing local product registry stub uri
[2024-08-26 14:46:04.984]:             ... resource:org/netbeans/installer/product/default-registry.xml
[2024-08-26 14:46:04.984]:             initializing bundled product registry uri
[2024-08-26 14:46:04.984]:             ... resource:data/registry.xml
[2024-08-26 14:46:04.984]:             initializing product registry schema uri
[2024-08-26 14:46:04.984]:             ... resource:org/netbeans/installer/product/registry.xsd
[2024-08-26 14:46:04.985]:             initializing remote product registries uris
[2024-08-26 14:46:04.985]:             initializing state file schema uri
[2024-08-26 14:46:04.985]:             ... resource:org/netbeans/installer/product/state-file.xsd
[2024-08-26 14:46:04.985]:             initializing default state file uri
[2024-08-26 14:46:04.985]:             ... resource:org/netbeans/installer/product/default-state-file.xml
[2024-08-26 14:46:04.986]:             initializing target platform
[2024-08-26 14:46:04.986]:             ... windows-x64
[2024-08-26 14:46:04.986]:     initializing product registry properties
[2024-08-26 14:46:04.986]:     exiting -- org.netbeans.installer.product.Registry.initializeRegistry():171
[2024-08-26 14:46:04.989]:     ... loading registry from file:/C:/Users/JOSE%20DAVID/.nbi/registry.xml
[2024-08-26 14:46:05.069]:     entering -- org.netbeans.installer.product.Registry.loadProductRegistry():982
[2024-08-26 14:46:05.069]:     validating previous installations
[2024-08-26 14:46:05.101]:         NameResolver - to parse C:\Program Files\NetBeans-22
[2024-08-26 14:46:05.112]:         NameResolver - to parse C:\Program Files\NetBeans-22
[2024-08-26 14:46:05.117]:         NameResolver - to parse C:\Program Files\NetBeans-22
[2024-08-26 14:46:05.123]:         NameResolver - to parse C:\Program Files\NetBeans-22
[2024-08-26 14:46:05.131]:         NameResolver - to parse C:\Program Files\NetBeans-22
[2024-08-26 14:46:05.136]:         NameResolver - to parse C:\Program Files\NetBeans-22
[2024-08-26 14:46:05.137]:     ... validating installations finished
[2024-08-26 14:46:05.137]:     exiting -- org.netbeans.installer.product.Registry.loadProductRegistry():982
[2024-08-26 14:46:05.138]:     ... loading registry from resource:data/registry.xml
[2024-08-26 14:46:05.182]:     entering -- org.netbeans.installer.product.Registry.loadProductRegistry():982
[2024-08-26 14:46:05.182]:     validating previous installations
[2024-08-26 14:46:05.182]:         NameResolver - to parse C:\Program Files\NetBeans-22
[2024-08-26 14:46:05.184]:         NameResolver - to parse C:\Program Files\NetBeans-22
[2024-08-26 14:46:05.185]:         NameResolver - to parse C:\Program Files\NetBeans-22
[2024-08-26 14:46:05.187]:         NameResolver - to parse C:\Program Files\NetBeans-22
[2024-08-26 14:46:05.189]:         NameResolver - to parse C:\Program Files\NetBeans-22
[2024-08-26 14:46:05.191]:         NameResolver - to parse C:\Program Files\NetBeans-22
[2024-08-26 14:46:05.193]:     ... validating installations finished
[2024-08-26 14:46:05.193]:     exiting -- org.netbeans.installer.product.Registry.loadProductRegistry():982
[2024-08-26 14:46:05.196]: ... product registry initialization complete
[2024-08-26 14:46:05.196]: exiting -- org.netbeans.installer.wizard.components.actions.InitializeRegistryAction.execute():53
[2024-08-26 14:46:05.197]: ... bundledProductSkip = null
[2024-08-26 14:46:05.197]: ... bundledProductToInstall = null
[2024-08-26 14:46:05.228]: NameResolver - to parse resource:org/netbeans/installer/wizard/components/panels/netbeans/resources/welcome-left-bottom.png
[2024-08-26 14:46:05.241]: NameResolver - to parse &Help!
[2024-08-26 14:46:05.243]: NameResolver - to parse < &Back
[2024-08-26 14:46:05.244]: NameResolver - to parse &Next >
[2024-08-26 14:46:05.244]: NameResolver - to parse Cancel
[2024-08-26 14:46:05.245]: NameResolver - to parse <html><h2 style="color: #FF8E00; bold">Welcome to the Apache NetBeans IDE 22 Installer</h2>
[2024-08-26 14:46:05.246]: NameResolver - to parse </html>
[2024-08-26 14:46:05.246]: NameResolver - to parse text/html
[2024-08-26 14:46:05.315]: NameResolver - to parse <html>
[2024-08-26 14:46:05.316]: NameResolver - to parse The installer will install the NetBeans IDE with the following packs and runtimes.<br>Click Customize to select the packs and runtimes to install.<br><br>
[2024-08-26 14:46:05.317]: NameResolver - to parse text/html
[2024-08-26 14:46:05.324]: NameResolver - to parse <html>
[2024-08-26 14:46:05.327]: NameResolver - to parse {0} <span style="color: gray">(Already Installed)</span><br>
[2024-08-26 14:46:05.327]: NameResolver - to parse {0} <span style="color: gray">(Already Installed)</span><br>
[2024-08-26 14:46:05.328]: NameResolver - to parse {0} <span style="color: gray">(Already Installed)</span><br>
[2024-08-26 14:46:05.328]: NameResolver - to parse {0} <span style="color: gray">(Already Installed)</span><br>
[2024-08-26 14:46:05.329]: NameResolver - to parse {0} <span style="color: gray">(Already Installed)</span><br>
[2024-08-26 14:46:05.329]: NameResolver - to parse </html>
[2024-08-26 14:46:05.330]: NameResolver - to parse text/html
[2024-08-26 14:46:05.351]: NameResolver - to parse &Customize...
[2024-08-26 14:46:05.375]: NameResolver - to parse All of the available components are already installed. Click Cancel to exit the installer.
[2024-08-26 14:46:05.383]: NameResolver - to parse All of the available components are already installed. Click Cancel to exit the installer.
[2024-08-26 14:46:05.407]: NameResolver - to parse <dummy description>
[2024-08-26 14:46:07.397]: NameResolver - to parse All of the available components are already installed. Click Cancel to exit the installer.
[2024-08-26 14:46:09.404]: NameResolver - to parse All of the available components are already installed. Click Cancel to exit the installer.
[2024-08-26 14:46:11.419]: NameResolver - to parse All of the available components are already installed. Click Cancel to exit the installer.
[2024-08-26 14:46:13.425]: NameResolver - to parse All of the available components are already installed. Click Cancel to exit the installer.
[2024-08-26 14:46:15.433]: NameResolver - to parse All of the available components are already installed. Click Cancel to exit the installer.
[2024-08-26 14:46:17.442]: NameResolver - to parse All of the available components are already installed. Click Cancel to exit the installer.
[2024-08-26 14:46:19.443]: NameResolver - to parse All of the available components are already installed. Click Cancel to exit the installer.
[2024-08-26 14:46:21.454]: NameResolver - to parse All of the available components are already installed. Click Cancel to exit the installer.
[2024-08-26 14:46:23.456]: NameResolver - to parse All of the available components are already installed. Click Cancel to exit the installer.
[2024-08-26 14:46:25.471]: NameResolver - to parse All of the available components are already installed. Click Cancel to exit the installer.
[2024-08-26 14:46:27.486]: NameResolver - to parse All of the available components are already installed. Click Cancel to exit the installer.
[2024-08-26 14:46:29.503]: NameResolver - to parse All of the available components are already installed. Click Cancel to exit the installer.
[2024-08-26 14:46:31.512]: NameResolver - to parse All of the available components are already installed. Click Cancel to exit the installer.
[2024-08-26 14:46:33.522]: NameResolver - to parse All of the available components are already installed. Click Cancel to exit the installer.
[2024-08-26 14:46:35.532]: NameResolver - to parse All of the available components are already installed. Click Cancel to exit the installer.
[2024-08-26 14:46:37.534]: NameResolver - to parse All of the available components are already installed. Click Cancel to exit the installer.
[2024-08-26 14:46:39.537]: NameResolver - to parse All of the available components are already installed. Click Cancel to exit the installer.
[2024-08-26 14:46:41.551]: NameResolver - to parse All of the available components are already installed. Click Cancel to exit the installer.
[2024-08-26 14:46:43.561]: NameResolver - to parse All of the available components are already installed. Click Cancel to exit the installer.
[2024-08-26 14:46:45.575]: NameResolver - to parse All of the available components are already installed. Click Cancel to exit the installer.
[2024-08-26 14:46:47.578]: NameResolver - to parse All of the available components are already installed. Click Cancel to exit the installer.
[2024-08-26 14:46:49.587]: NameResolver - to parse All of the available components are already installed. Click Cancel to exit the installer.
[2024-08-26 14:46:51.599]: NameResolver - to parse All of the available components are already installed. Click Cancel to exit the installer.
[2024-08-26 14:46:53.603]: NameResolver - to parse All of the available components are already installed. Click Cancel to exit the installer.
[2024-08-26 14:46:55.619]: NameResolver - to parse All of the available components are already installed. Click Cancel to exit the installer.
[2024-08-26 14:46:57.629]: NameResolver - to parse All of the available components are already installed. Click Cancel to exit the installer.
[2024-08-26 14:46:59.639]: NameResolver - to parse All of the available components are already installed. Click Cancel to exit the installer.
[2024-08-26 14:47:01.647]: NameResolver - to parse All of the available components are already installed. Click Cancel to exit the installer.
[2024-08-26 14:47:03.649]: NameResolver - to parse All of the available components are already installed. Click Cancel to exit the installer.
[2024-08-26 14:47:05.659]: NameResolver - to parse All of the available components are already installed. Click Cancel to exit the installer.
[2024-08-26 14:47:07.670]: NameResolver - to parse All of the available components are already installed. Click Cancel to exit the installer.
[2024-08-26 14:47:09.683]: NameResolver - to parse All of the available components are already installed. Click Cancel to exit the installer.
[2024-08-26 14:47:11.693]: NameResolver - to parse All of the available components are already installed. Click Cancel to exit the installer.
[2024-08-26 14:47:13.708]: NameResolver - to parse All of the available components are already installed. Click Cancel to exit the installer.
[2024-08-26 14:47:15.724]: NameResolver - to parse All of the available components are already installed. Click Cancel to exit the installer.
[2024-08-26 14:47:17.726]: NameResolver - to parse All of the available components are already installed. Click Cancel to exit the installer.
[2024-08-26 14:47:19.733]: NameResolver - to parse All of the available components are already installed. Click Cancel to exit the installer.
[2024-08-26 14:47:21.750]: NameResolver - to parse All of the available components are already installed. Click Cancel to exit the installer.
[2024-08-26 14:47:23.752]: NameResolver - to parse All of the available components are already installed. Click Cancel to exit the installer.
[2024-08-26 14:47:25.768]: NameResolver - to parse All of the available components are already installed. Click Cancel to exit the installer.
[2024-08-26 14:47:27.769]: NameResolver - to parse All of the available components are already installed. Click Cancel to exit the installer.
[2024-08-26 14:47:29.781]: NameResolver - to parse All of the available components are already installed. Click Cancel to exit the installer.
[2024-08-26 14:47:31.793]: NameResolver - to parse All of the available components are already installed. Click Cancel to exit the installer.
[2024-08-26 14:47:33.797]: NameResolver - to parse All of the available components are already installed. Click Cancel to exit the installer.
[2024-08-26 14:47:35.810]: NameResolver - to parse All of the available components are already installed. Click Cancel to exit the installer.
[2024-08-26 14:47:37.814]: NameResolver - to parse All of the available components are already installed. Click Cancel to exit the installer.
[2024-08-26 14:47:39.830]: NameResolver - to parse All of the available components are already installed. Click Cancel to exit the installer.
[2024-08-26 14:47:41.841]: NameResolver - to parse All of the available components are already installed. Click Cancel to exit the installer.
[2024-08-26 14:47:43.855]: NameResolver - to parse All of the available components are already installed. Click Cancel to exit the installer.
[2024-08-26 14:47:45.869]: NameResolver - to parse All of the available components are already installed. Click Cancel to exit the installer.
[2024-08-26 14:47:47.872]: NameResolver - to parse All of the available components are already installed. Click Cancel to exit the installer.
[2024-08-26 14:47:49.874]: NameResolver - to parse All of the available components are already installed. Click Cancel to exit the installer.
[2024-08-26 14:47:51.888]: NameResolver - to parse All of the available components are already installed. Click Cancel to exit the installer.
[2024-08-26 14:47:53.903]: NameResolver - to parse All of the available components are already installed. Click Cancel to exit the installer.
[2024-08-26 14:47:55.916]: NameResolver - to parse All of the available components are already installed. Click Cancel to exit the installer.
[2024-08-26 14:47:57.917]: NameResolver - to parse All of the available components are already installed. Click Cancel to exit the installer.
[2024-08-26 14:47:59.928]: NameResolver - to parse All of the available components are already installed. Click Cancel to exit the installer.
[2024-08-26 14:48:01.932]: NameResolver - to parse All of the available components are already installed. Click Cancel to exit the installer.
[2024-08-26 14:48:03.936]: NameResolver - to parse All of the available components are already installed. Click Cancel to exit the installer.
[2024-08-26 14:48:05.946]: NameResolver - to parse All of the available components are already installed. Click Cancel to exit the installer.
[2024-08-26 14:48:07.948]: NameResolver - to parse All of the available components are already installed. Click Cancel to exit the installer.
[2024-08-26 14:48:09.961]: NameResolver - to parse All of the available components are already installed. Click Cancel to exit the installer.
[2024-08-26 14:48:11.970]: NameResolver - to parse All of the available components are already installed. Click Cancel to exit the installer.
[2024-08-26 14:48:13.984]: NameResolver - to parse All of the available components are already installed. Click Cancel to exit the installer.
[2024-08-26 14:48:15.999]: NameResolver - to parse All of the available components are already installed. Click Cancel to exit the installer.
[2024-08-26 14:48:18.000]: NameResolver - to parse All of the available components are already installed. Click Cancel to exit the installer.
[2024-08-26 14:48:20.008]: NameResolver - to parse All of the available components are already installed. Click Cancel to exit the installer.
[2024-08-26 14:48:22.023]: NameResolver - to parse All of the available components are already installed. Click Cancel to exit the installer.
[2024-08-26 14:48:24.026]: NameResolver - to parse All of the available components are already installed. Click Cancel to exit the installer.
[2024-08-26 14:48:26.035]: NameResolver - to parse All of the available components are already installed. Click Cancel to exit the installer.
[2024-08-26 14:48:28.046]: NameResolver - to parse All of the available components are already installed. Click Cancel to exit the installer.
[2024-08-26 14:48:30.061]: NameResolver - to parse All of the available components are already installed. Click Cancel to exit the installer.
[2024-08-26 14:48:32.073]: NameResolver - to parse All of the available components are already installed. Click Cancel to exit the installer.
[2024-08-26 14:48:34.075]: NameResolver - to parse All of the available components are already installed. Click Cancel to exit the installer.
[2024-08-26 14:48:36.085]: NameResolver - to parse All of the available components are already installed. Click Cancel to exit the installer.
[2024-08-26 14:48:38.096]: NameResolver - to parse All of the available components are already installed. Click Cancel to exit the installer.
[2024-08-26 14:48:40.104]: NameResolver - to parse All of the available components are already installed. Click Cancel to exit the installer.
[2024-08-26 14:48:42.106]: NameResolver - to parse All of the available components are already installed. Click Cancel to exit the installer.
[2024-08-26 14:48:44.120]: NameResolver - to parse All of the available components are already installed. Click Cancel to exit the installer.
[2024-08-26 14:48:45.342]: NameResolver - to parse Cancel
[2024-08-26 14:48:45.342]: NameResolver - to parse Are you sure you want to cancel?
[2024-08-26 14:48:45.342]: ... showing Yes/No dialog
[2024-08-26 14:48:45.342]:     title: Cancel
[2024-08-26 14:48:45.342]:     message: Are you sure you want to cancel?
[2024-08-26 14:48:47.312]: ... dialog closed, choice : closed
[2024-08-26 14:48:48.138]: NameResolver - to parse All of the available components are already installed. Click Cancel to exit the installer.
[2024-08-26 14:48:50.152]: NameResolver - to parse All of the available components are already installed. Click Cancel to exit the installer.
[2024-08-26 14:48:50.187]: NameResolver - to parse Cancel
[2024-08-26 14:48:50.187]: NameResolver - to parse Are you sure you want to cancel?
[2024-08-26 14:48:50.187]: ... showing Yes/No dialog
[2024-08-26 14:48:50.187]:     title: Cancel
[2024-08-26 14:48:50.187]:     message: Are you sure you want to cancel?
[2024-08-26 14:48:51.724]: ... dialog closed, choice : yes
